proguard/mapping.txt
com.dreamlink.profiles.Constant -> com.dreamlink.profiles.a:
    android.net.Uri RINGTONE -> a
    android.net.Uri NOTIFICATIONTONE -> b
    java.lang.String[] columns -> c
    java.lang.String PROFILE_DEFAULT -> d
com.dreamlink.profiles.Profile -> com.dreamlink.profiles.Profile:
    int id -> a
    java.lang.String mProfileName -> b
    int mMediaVolume -> c
    int mRingVolume -> d
    int mNotificationVolume -> e
    int mAlarmVolume -> f
    android.net.Uri mRingOverride -> g
    android.net.Uri mNotificationOverride -> h
    boolean mRingVibrator -> i
    boolean mDefault -> j
    android.os.Parcelable$Creator CREATOR -> CREATOR
    int getId() -> a
    void setId(int) -> a
    java.lang.String getProfileName() -> b
    void setProfileName(java.lang.String) -> a
    int getMediaVolume() -> c
    void setMediaVolume(int) -> b
    int getRingVolume() -> d
    void setRingVolume(int) -> c
    int getNotificationVolume() -> e
    void setNotificationVolume(int) -> d
    int getAlarmVolume() -> f
    void setAlarmVolume(int) -> e
    android.net.Uri getRingOverride() -> g
    void setRingOverride(android.net.Uri) -> a
    android.net.Uri getNotificationOverride() -> h
    void setNotificationOverride(android.net.Uri) -> b
    boolean getRingVibrator() -> i
    void setRingVibrator(boolean) -> a
    boolean isDefault() -> j
    void setDefault(boolean) -> b
    com.dreamlink.profiles.Profile fromXml(org.xmlpull.v1.XmlPullParser,android.content.Context) -> a
    void writeToParcel(android.os.Parcel,int) -> writeToParcel
    int describeContents() -> describeContents
    int compareTo(java.lang.Object) -> compareTo
com.dreamlink.profiles.Profile$1 -> com.dreamlink.profiles.b:
    java.lang.Object createFromParcel(android.os.Parcel) -> createFromParcel
    java.lang.Object[] newArray(int) -> newArray
com.dreamlink.profiles.ProfileManager -> com.dreamlink.profiles.c:
    com.dreamlink.profiles.ProfileManager mProfileManager -> a
    android.content.Context mContext -> b
    com.dreamlink.profiles.ProfileManager newInstance(android.content.Context) -> a
    void initList() -> a
    void getProfiles() -> b
    void queryRecord() -> c
    void updateProfile(com.dreamlink.profiles.Profile) -> a
    void insertProfile(com.dreamlink.profiles.Profile) -> b
    void deleteProfile(com.dreamlink.profiles.Profile) -> c
    void startServiceByAction(java.lang.String) -> a
com.dreamlink.profiles.ProfileService -> com.dreamlink.profiles.ProfileService:
    android.content.Context mContext -> a
    android.os.Handler mHandler -> b
    android.os.IBinder onBind(android.content.Intent) -> onBind
    void onCreate() -> onCreate
    int onStartCommand(android.content.Intent,int,int) -> onStartCommand
    void loadFromFile() -> a
    void loadXml(org.xmlpull.v1.XmlPullParser) -> a
    void addProfileInternel(com.dreamlink.profiles.Profile) -> a
    boolean setActiveProfile(com.dreamlink.profiles.Profile) -> b
    android.net.Uri insertRecord(com.dreamlink.profiles.Profile) -> c
    void queryRecord() -> c
    void setHandler(android.os.Handler) -> a
    android.os.Handler access$0() -> b
com.dreamlink.profiles.ProfileService$1 -> com.dreamlink.profiles.d:
    com.dreamlink.profiles.ProfileService this$0 -> a
    void run() -> run
com.dreamlink.profiles.data.ProfilesMetaData -> com.dreamlink.profiles.data.a:
com.dreamlink.profiles.data.ProfilesMetaData$Profiles -> com.dreamlink.profiles.data.b:
    android.net.Uri CONTENT_URI -> a
...
android.support.v4.app.BackStackRecord -> android.support.v4.app.a:
    android.support.v4.app.FragmentManagerImpl mManager -> a
    android.support.v4.app.BackStackRecord$Op mHead -> b
    android.support.v4.app.BackStackRecord$Op mTail -> c
    int mNumOp -> d
    int mEnterAnim -> e
    int mExitAnim -> f
    int mPopEnterAnim -> g
    int mPopExitAnim -> h
    int mTransition -> i
    int mTransitionStyle -> j
    boolean mAddToBackStack -> k
    boolean mAllowAddToBackStack -> l
    java.lang.String mName -> m
    boolean mCommitted -> n
    int mIndex -> o
    int mBreadCrumbTitleRes -> p
    java.lang.CharSequence mBreadCrumbTitleText -> q
    int mBreadCrumbShortTitleRes -> r
    java.lang.CharSequence mBreadCrumbShortTitleText -> s
    java.lang.String toString() -> toString
    void dump$ec96877(java.lang.String,java.io.PrintWriter) -> a
    void dump(java.lang.String,java.io.PrintWriter,boolean) -> a
    void addOp(android.support.v4.app.BackStackRecord$Op) -> a
    android.support.v4.app.FragmentTransaction add(int,android.support.v4.app.Fragment,java.lang.String) -> a
    android.support.v4.app.FragmentTransaction detach(android.support.v4.app.Fragment) -> a
    android.support.v4.app.FragmentTransaction attach(android.support.v4.app.Fragment) -> b
    void bumpBackStackNesting(int) -> a
    int commit() -> a
    void run() -> run
    void popFromBackStack$1385ff() -> b
android.support.v4.app.BackStackRecord$Op -> android.support.v4.app.b:
    android.support.v4.app.BackStackRecord$Op next -> a
    android.support.v4.app.BackStackRecord$Op prev -> b
    int cmd -> c
    android.support.v4.app.Fragment fragment -> d
    int enterAnim -> e
    int exitAnim -> f
    int popEnterAnim -> g
    int popExitAnim -> h
    java.util.ArrayList removed -> i
android.support.v4.app.BackStackState -> android.support.v4.app.BackStackState:
    int[] mOps -> a
    int mTransition -> b
    int mTransitionStyle -> c
    java.lang.String mName -> d
    int mIndex -> e
    int mBreadCrumbTitleRes -> f
    java.lang.CharSequence mBreadCrumbTitleText -> g
    int mBreadCrumbShortTitleRes -> h
    java.lang.CharSequence mBreadCrumbShortTitleText -> i
    android.os.Parcelable$Creator CREATOR -> CREATOR
    android.support.v4.app.BackStackRecord instantiate(android.support.v4.app.FragmentManagerImpl) -> a
    int describeContents() -> describeContents
    void writeToParcel(android.os.Parcel,int) -> writeToParcel
android.support.v4.app.BackStackState$1 -> android.support.v4.app.c:
    java.lang.Object[] newArray(int) -> newArray
    java.lang.Object createFromParcel(android.os.Parcel) -> createFromParcel