proguard/usage.txt
com.dreamlink.profiles.BuildConfig
com.dreamlink.profiles.Constant:
    public static final boolean DEBUG
    public static final int MEDIA_VOLUME
    public static final int RING_VOLUME
    public static final int NOTIFICATION_VOLUME
    public static final int ALARM_VOLUME
    public static final boolean RING_VIBRATOR
    public static final boolean DEFAULT
    public static final java.lang.String INIT_ACTION
    public static final java.lang.String GET_PROFILES
    public static final java.lang.String UPDATE_PROFILE
    public static final java.lang.String SET_ACTIVE_PROFILE
    public static final java.lang.String QUERY_RECORD
    public static final java.lang.String UPDATE_RECORD
    public static final java.lang.String INSERT_RECORD
    public static final java.lang.String DELETE_RECORD
    public static final java.lang.String VIBRATE_WHEN_RINGING
    public static final java.lang.String PROFILE_SHARE
    public static final java.lang.String ENABLE
    public static final int MENU_ADD
    public static final int MENU_DELETE
    public static final int MENU_RESET
    9:9:public Constant()
com.dreamlink.profiles.Profile:
    private static final java.lang.String TAG
com.dreamlink.profiles.ProfileManager:
    private static final java.lang.String TAG
com.dreamlink.profiles.ProfileService:
    private static final java.lang.String TAG
    public static com.dreamlink.profiles.Profile mActiveProfile
com.dreamlink.profiles.R
com.dreamlink.profiles.R$anim
com.dreamlink.profiles.R$attr
com.dreamlink.profiles.R$drawable
com.dreamlink.profiles.R$id
com.dreamlink.profiles.R$layout
com.dreamlink.profiles.R$menu
com.dreamlink.profiles.R$raw
com.dreamlink.profiles.R$string
com.dreamlink.profiles.R$style
com.dreamlink.profiles.R$xml
com.dreamlink.profiles.data.ProfilesMetaData:
    public static final java.lang.String DATABASE_NAME
    public static final int DATABASE_VERSION
    public static final java.lang.String AUTHORITY
    6:6:public ProfilesMetaData()
com.dreamlink.profiles.data.ProfilesMetaData$Profiles:
    public static final java.lang.String TABLE_NAME
    public static final java.lang.String CONTENT_TYPE
    public static final java.lang.String CONTENT_TYPE_ITEM
    public static final java.lang.String SORT_ORDER_DEFAULT
    public static final java.lang.String NAME
    public static final java.lang.String DEFAULT
    public static final java.lang.String RINGTONE
    public static final java.lang.String RINGTONE_VOLUME
    public static final java.lang.String RING_VIBRATION
    public static final java.lang.String NOTIFICATION_VOLUME
    public static final java.lang.String NOTIFICATION_TONE
    public static final java.lang.String MEDIA_VOLUME
    public static final java.lang.String AlARM_VOLUME
    15:15:public ProfilesMetaData$Profiles()
com.dreamlink.profiles.data.ProfilesProvider:
    private static final java.lang.String TAG
    public static final int PROFILES_COLLECTION
    public static final int PROFILES_SINGLE
com.dreamlink.profiles.data.ProfilesProviderTest:
    private android.widget.Button mButton
    111:113:private void testDelete(java.lang.String)
    116:118:private void deleteAll()
    143:148:private void testupdate(android.net.Uri,com.dreamlink.profiles.Profile)
com.dreamlink.profiles.preference.ProfileNamePreference:
    private static final java.lang.String TAG
    41:43:public ProfileNamePreference(android.content.Context)
    64:66:public void setName(java.lang.String)
    69:69:public java.lang.String getName()
com.dreamlink.profiles.preference.ProfileRingtonePreference:
    private static final java.lang.String TAG
    32:33:void setRingtone(android.net.Uri)
com.dreamlink.profiles.preference.ProfilesPreference:
    private static final java.lang.String TAG
    private static final float DISABLED_ALPHA
...
android.support.v4.view.ViewCompat:
    public static final int OVER_SCROLL_ALWAYS
    public static final int OVER_SCROLL_IF_CONTENT_SCROLLS
    public static final int OVER_SCROLL_NEVER
    private static final long FAKE_FRAME_TIME
    public static final int IMPORTANT_FOR_ACCESSIBILITY_AUTO
    public static final int IMPORTANT_FOR_ACCESSIBILITY_YES
    public static final int IMPORTANT_FOR_ACCESSIBILITY_NO
    public static final int LAYER_TYPE_NONE
    public static final int LAYER_TYPE_SOFTWARE
    public static final int LAYER_TYPE_HARDWARE
    31:308:public ViewCompat()
    358:358:public static boolean canScrollVertically(android.view.View,int)
    387:388:public static void setOverScrollMode(android.view.View,int)
    424:425:public static void onPopulateAccessibilityEvent(android.view.View,android.view.accessibility.AccessibilityEvent)
    457:458:public static void onInitializeAccessibilityEvent(android.view.View,android.view.accessibility.AccessibilityEvent)
    493:494:public static void onInitializeAccessibilityNodeInfo(android.view.View,android.support.v4.view.accessibility.AccessibilityNodeInfoCompat)
    520:520:public static boolean hasTransientState(android.view.View)
    531:532:public static void setHasTransientState(android.view.View,boolean)
    562:563:public static void postInvalidateOnAnimation(android.view.View,int,int,int,int)
    593:594:public static void postOnAnimationDelayed(android.view.View,java.lang.Runnable,long)
android.support.v4.view.ViewCompat$BaseViewCompatImpl:
    144:144:public boolean canScrollVertically(android.view.View,int)
    151:151:public void setOverScrollMode(android.view.View,int)
    157:157:public void onPopulateAccessibilityEvent(android.view.View,android.view.accessibility.AccessibilityEvent)
    160:160:public void onInitializeAccessibilityEvent(android.view.View,android.view.accessibility.AccessibilityEvent)
    163:163:public void onInitializeAccessibilityNodeInfo(android.view.View,android.support.v4.view.accessibility.AccessibilityNodeInfoCompat)
    166:166:public boolean hasTransientState(android.view.View)
    170:170:public void setHasTransientState(android.view.View,boolean)
    175:176:public void postInvalidateOnAnimation(android.view.View,int,int,int,int)
    181:182:public void postOnAnimationDelayed(android.view.View,java.lang.Runnable,long)
    193:193:public boolean performAccessibilityAction(android.view.View,int,android.os.Bundle)
    196:196:public android.support.v4.view.accessibility.AccessibilityNodeProviderCompat getAccessibilityNodeProvider(android.view.View)
    201:201:public int getLayerType(android.view.View)
    204:204:public int getLabelFor(android.view.View)
    208:208:public void setLabelFor(android.view.View,int)
android.support.v4.view.ViewCompat$GBViewCompatImpl:
    218:219:public void setOverScrollMode(android.view.View,int)
android.support.v4.view.ViewCompat$HCViewCompatImpl:
    230:230:public int getLayerType(android.view.View)
android.support.v4.view.ViewCompat$ICSViewCompatImpl:
    241:241:public boolean canScrollVertically(android.view.View,int)
    245:246:public void onPopulateAccessibilityEvent(android.view.View,android.view.accessibility.AccessibilityEvent)
    249:250:public void onInitializeAccessibilityEvent(android.view.View,android.view.accessibility.AccessibilityEvent)
    253:254:public void onInitializeAccessibilityNodeInfo(android.view.View,android.support.v4.view.accessibility.AccessibilityNodeInfoCompat)